<?xml version="1.0" encoding="UTF-8"?>
<testsuite name="Scenario: cucumber setup" time="0" tests="15" errors="0" skipped="11" failures="0">
  <properties>
    <property name="java.runtime.name" value="Java(TM) SE Runtime Environment"/>
    <property name="sun.boot.library.path" value="C:\Program Files\Java\jdk1.8.0_144\jre\bin"/>
    <property name="java.vm.version" value="25.144-b01"/>
    <property name="java.vm.vendor" value="Oracle Corporation"/>
    <property name="maven.multiModuleProjectDirectory" value="C:\Users\amore\eclipse-workspace\chpl-testautomation"/>
    <property name="java.vendor.url" value="http://java.oracle.com/"/>
    <property name="path.separator" value=";"/>
    <property name="guice.disable.misplaced.annotation.check" value="true"/>
    <property name="java.vm.name" value="Java HotSpot(TM) 64-Bit Server VM"/>
    <property name="file.encoding.pkg" value="sun.io"/>
    <property name="user.script" value=""/>
    <property name="user.country" value="US"/>
    <property name="sun.java.launcher" value="SUN_STANDARD"/>
    <property name="sun.os.patch.level" value=""/>
    <property name="java.vm.specification.name" value="Java Virtual Machine Specification"/>
    <property name="user.dir" value="C:\Users\amore\eclipse-workspace\chpl-testautomation"/>
    <property name="java.runtime.version" value="1.8.0_144-b01"/>
    <property name="java.awt.graphicsenv" value="sun.awt.Win32GraphicsEnvironment"/>
    <property name="java.endorsed.dirs" value="C:\Program Files\Java\jdk1.8.0_144\jre\lib\endorsed"/>
    <property name="os.arch" value="amd64"/>
    <property name="java.io.tmpdir" value="C:\Users\amore\AppData\Local\Temp\"/>
    <property name="line.separator" value="&#10;"/>
    <property name="java.vm.specification.vendor" value="Oracle Corporation"/>
    <property name="user.variant" value=""/>
    <property name="os.name" value="Windows 10"/>
    <property name="classworlds.conf" value="C:\Program Files (x86)\Maven\apache-maven-3.5.0\bin\..\bin\m2.conf"/>
    <property name="sun.jnu.encoding" value="Cp1252"/>
    <property name="java.library.path" value="C:\Program Files\Java\jdk1.8.0_144\bin;C:\Windows\Sun\Java\bin;C:\Windows\system32;C:\Windows;C:\ProgramData\Oracle\Java\javapath;C:\Program Files (x86)\Intel\iCLS Client\;C:\Program Files\Intel\iCLS Client\;C:\Windows\system32;C:\Windows;C:\Windows\System32\Wbem;C:\Windows\System32\WindowsPowerShell\v1.0\;C:\Program Files (x86)\Intel\Intel(R) Management Engine Components\DAL;C:\Program Files\Intel\Intel(R) Management Engine Components\DAL;C:\Program Files (x86)\Intel\Intel(R) Management Engine Components\IPT;C:\Program Files\Intel\Intel(R) Management Engine Components\IPT;C:\Program Files\Intel\WiFi\bin\;C:\Program Files\Common Files\Intel\WirelessCommon\;C:\Program Files (x86)\Microsoft SQL Server\Client SDK\ODBC\130\Tools\Binn\;C:\Program Files (x86)\Microsoft SQL Server\140\Tools\Binn\;C:\Program Files (x86)\Microsoft SQL Server\140\DTS\Binn\;C:\Program Files (x86)\Microsoft SQL Server\140\Tools\Binn\ManagementStudio\;C:\Program Files\Git\cmd;C:\Users\amore\geckodriver-v0.18.0-win32\;C:\Program Files (x86)\Maven\apache-maven-3.5.0\bin\;C:\Users\amore\AppData\Local\Microsoft\WindowsApps;;."/>
    <property name="maven.conf" value="C:\Program Files (x86)\Maven\apache-maven-3.5.0\bin\../conf"/>
    <property name="java.specification.name" value="Java Platform API Specification"/>
    <property name="java.class.version" value="52.0"/>
    <property name="sun.management.compiler" value="HotSpot 64-Bit Tiered Compilers"/>
    <property name="os.version" value="10.0"/>
    <property name="library.jansi.path" value="C:\Program Files (x86)\Maven\apache-maven-3.5.0\bin\..\lib\jansi-native\windows64"/>
    <property name="user.home" value="C:\Users\amore"/>
    <property name="user.timezone" value="America/New_York"/>
    <property name="java.awt.printerjob" value="sun.awt.windows.WPrinterJob"/>
    <property name="java.specification.version" value="1.8"/>
    <property name="file.encoding" value="Cp1252"/>
    <property name="user.name" value="amore"/>
    <property name="java.class.path" value="C:\Program Files (x86)\Maven\apache-maven-3.5.0\bin\..\boot\plexus-classworlds-2.5.2.jar"/>
    <property name="java.vm.specification.version" value="1.8"/>
    <property name="sun.arch.data.model" value="64"/>
    <property name="java.home" value="C:\Program Files\Java\jdk1.8.0_144\jre"/>
    <property name="sun.java.command" value="org.codehaus.plexus.classworlds.launcher.Launcher test"/>
    <property name="java.specification.vendor" value="Oracle Corporation"/>
    <property name="user.language" value="en"/>
    <property name="awt.toolkit" value="sun.awt.windows.WToolkit"/>
    <property name="java.vm.info" value="mixed mode"/>
    <property name="java.version" value="1.8.0_144"/>
    <property name="java.ext.dirs" value="C:\Program Files\Java\jdk1.8.0_144\jre\lib\ext;C:\Windows\Sun\Java\lib\ext"/>
    <property name="sun.boot.class.path" value="C:\Program Files\Java\jdk1.8.0_144\jre\lib\resources.jar;C:\Program Files\Java\jdk1.8.0_144\jre\lib\rt.jar;C:\Program Files\Java\jdk1.8.0_144\jre\lib\sunrsasign.jar;C:\Program Files\Java\jdk1.8.0_144\jre\lib\jsse.jar;C:\Program Files\Java\jdk1.8.0_144\jre\lib\jce.jar;C:\Program Files\Java\jdk1.8.0_144\jre\lib\charsets.jar;C:\Program Files\Java\jdk1.8.0_144\jre\lib\jfr.jar;C:\Program Files\Java\jdk1.8.0_144\jre\classes"/>
    <property name="sun.stderr.encoding" value="cp437"/>
    <property name="java.vendor" value="Oracle Corporation"/>
    <property name="maven.home" value="C:\Program Files (x86)\Maven\apache-maven-3.5.0\bin\.."/>
    <property name="file.separator" value="\"/>
    <property name="java.vendor.url.bug" value="http://bugreport.sun.com/bugreport/"/>
    <property name="sun.cpu.endian" value="little"/>
    <property name="sun.io.unicode.encoding" value="UnicodeLittle"/>
    <property name="sun.stdout.encoding" value="cp437"/>
    <property name="sun.desktop" value="windows"/>
    <property name="sun.cpu.isalist" value="amd64"/>
  </properties>
  <testcase name="Scenario: Login with correct username and password" classname="Scenario: Login with correct username and password" time="0">
    <skipped/>
  </testcase>
  <testcase name="Scenario: Login with correct username and password" classname="Scenario: Login with correct username and password" time="0.002"/>
  <testcase name="When User clicks on Overview page link in navigation menu" classname="Scenario: Overview page loads and shows correct title" time="0">
    <skipped/>
    <system-out><![CDATA[
  Scenario: Login with correct username and password &amp#27;[90m# Login.feature:4&amp#27;[0m
    &amp#27;[33mGiven &amp#27;[0m&amp#27;[33mUser navigates to the login page&amp#27;[0m
    &amp#27;[33mAnd &amp#27;[0m&amp#27;[33mUser enters valid username and password&amp#27;[0m
    &amp#27;[33mAnd &amp#27;[0m&amp#27;[33mUser click slogin button&amp#27;[0m
    &amp#27;[33mThen &amp#27;[0m&amp#27;[33mlogin should be successfull&amp#27;[0m
@selenium
Feature: To test Overview page
  This test checks overview page under CHPl resources and verifies that it displays
]]></system-out>
  </testcase>
  <testcase name="Then Overview page loads successfully and verify title" classname="Scenario: Overview page loads and shows correct title" time="0">
    <skipped/>
  </testcase>
  <testcase name="Scenario: Overview page loads and shows correct title" classname="Scenario: Overview page loads and shows correct title" time="0">
    <skipped/>
  </testcase>
  <testcase name="Scenario: Overview page loads and shows correct title" classname="Scenario: Overview page loads and shows correct title" time="0"/>
  <testcase name="When User looks at ONC-ACB and ONC-ATL information table" classname="Scenario: Verify ONC-ACB and ONC-ATL information loads from database" time="0">
    <skipped/>
    <system-out><![CDATA[
  Scenario: Overview page loads and shows correct title       &amp#27;[90m# overviewTest.feature:5&amp#27;[0m
    &amp#27;[33mWhen &amp#27;[0m&amp#27;[33mUser clicks on Overview page link in navigation menu&amp#27;[0m
    &amp#27;[33mThen &amp#27;[0m&amp#27;[33mOverview page loads successfully and verify title&amp#27;[0m
]]></system-out>
  </testcase>
  <testcase name="Then the table shows data from databse" classname="Scenario: Verify ONC-ACB and ONC-ATL information loads from database" time="0">
    <skipped/>
  </testcase>
  <testcase name="Scenario: Verify ONC-ACB and ONC-ATL information loads from database" classname="Scenario: Verify ONC-ACB and ONC-ATL information loads from database" time="0">
    <skipped/>
  </testcase>
  <testcase name="Scenario: Verify ONC-ACB and ONC-ATL information loads from database" classname="Scenario: Verify ONC-ACB and ONC-ATL information loads from database" time="0.069"/>
  <testcase name="Given sample feature file is ready" classname="Scenario: cucumber setup" time="0">
    <skipped/>
    <system-out><![CDATA[
  Scenario: Verify ONC-ACB and ONC-ATL information loads from database &amp#27;[90m# overviewTest.feature:10&amp#27;[0m
    &amp#27;[33mWhen &amp#27;[0m&amp#27;[33mUser looks at ONC-ACB and ONC-ATL information table&amp#27;[0m
    &amp#27;[33mThen &amp#27;[0m&amp#27;[33mthe table shows data from databse&amp#27;[0m
@smokeTest
Feature: To test my cucumber test is running
  I want to run a sample feature file.
]]></system-out>
  </testcase>
  <testcase name="When I run the feature file" classname="Scenario: cucumber setup" time="0">
    <skipped/>
  </testcase>
  <testcase name="Then run should be successful" classname="Scenario: cucumber setup" time="0">
    <skipped/>
  </testcase>
  <testcase name="Scenario: cucumber setup" classname="Scenario: cucumber setup" time="0">
    <skipped/>
  </testcase>
  <testcase name="Scenario: cucumber setup" classname="Scenario: cucumber setup" time="0"/>
</testsuite>