<?xml version="1.0" encoding="UTF-8"?>
<!-- Generated by org.testng.reporters.JUnitReportReporter -->
<testsuite hostname="T470-20170612a" name="stepDefinitions.runnerTest" tests="1" failures="0" timestamp="17 Sep 2017 22:17:44 GMT" time="0.550" errors="0">
  <testcase name="run_cukes" time="0.550" classname="stepDefinitions.runnerTest"/>
</testsuite> <!-- stepDefinitions.runnerTest -->
